<?xml version="1.0" encoding="utf-8"?>

<!DOCTYPE params SYSTEM "../../../src/libs/tgf/params.dtd">

<params name="test-tracks" type="parameter">
  <section name="Header">
    <attstr name="name" val="test-tracks"/>
  </section>
</params>
